<?xml version="1.0" encoding="UTF-8"?>
<!-- Generated by org.testng.reporters.JUnitReportReporter -->
<testsuite hostname="Derek-Berubes-MacBook-Pro.local" name="com.wildstartech.wfa.location.GeoPointTest" tests="4" failures="0" timestamp="30 Apr 2016 00:59:24 GMT" time="0.200" errors="0">
  <testcase name="calculateDistanceTest" time="0.003" classname="com.wildstartech.wfa.location.GeoPointTest"/>
  <testcase name="calculateDistanceKilometersTest" time="0.003" classname="com.wildstartech.wfa.location.GeoPointTest"/>
  <testcase name="calculateDistanceNauticalMilesTest" time="0.002" classname="com.wildstartech.wfa.location.GeoPointTest"/>
  <testcase name="calculateDistanceDefaultUnitsTest" time="0.192" classname="com.wildstartech.wfa.location.GeoPointTest"/>
</testsuite> <!-- com.wildstartech.wfa.location.GeoPointTest -->
